<?xml version="1.0" encoding="UTF-8"?>
<testsuites>
  <testsuite name="MBShow Backend Video Service" tests="1" assertions="1" errors="0" failures="0" skipped="0" time="0.002044">
    <testsuite name="IndexTest" file="/home/olaolu/NetBeansProjects/mbshow-backend-video-service/tests/Test.php" tests="1" assertions="1" errors="0" failures="0" skipped="0" time="0.002044">
      <testcase name="testHello" class="IndexTest" classname="IndexTest" file="/home/olaolu/NetBeansProjects/mbshow-backend-video-service/tests/Test.php" line="19" assertions="1" time="0.002044"/>
    </testsuite>
  </testsuite>
</testsuites>
